ARM GAS  /tmp/cczYM6t6.s 			page 1


   1              		.syntax unified
   2              		.cpu cortex-m4
   3              		.eabi_attribute 27, 3
   4              		.fpu fpv4-sp-d16
   5              		.eabi_attribute 20, 1
   6              		.eabi_attribute 21, 1
   7              		.eabi_attribute 23, 3
   8              		.eabi_attribute 24, 1
   9              		.eabi_attribute 25, 1
  10              		.eabi_attribute 26, 1
  11              		.eabi_attribute 30, 6
  12              		.eabi_attribute 34, 1
  13              		.eabi_attribute 18, 4
  14              		.thumb
  15              		.file	"stm32f4xx_hal_i2c_ex.c"
  16              		.text
  17              	.Ltext0:
  18              		.cfi_sections	.debug_frame
  19              		.section	.text.HAL_I2CEx_ConfigAnalogFilter,"ax",%progbits
  20              		.align	2
  21              		.global	HAL_I2CEx_ConfigAnalogFilter
  22              		.thumb
  23              		.thumb_func
  25              	HAL_I2CEx_ConfigAnalogFilter:
  26              	.LFB125:
  27              		.file 1 "Drivers/STM32F4xx_HAL_Driver/Src/stm32f4xx_hal_i2c_ex.c"
   1:Drivers/STM32F4xx_HAL_Driver/Src/stm32f4xx_hal_i2c_ex.c **** /**
   2:Drivers/STM32F4xx_HAL_Driver/Src/stm32f4xx_hal_i2c_ex.c ****   ******************************************************************************
   3:Drivers/STM32F4xx_HAL_Driver/Src/stm32f4xx_hal_i2c_ex.c ****   * @file    stm32f4xx_hal_i2c_ex.c
   4:Drivers/STM32F4xx_HAL_Driver/Src/stm32f4xx_hal_i2c_ex.c ****   * @author  MCD Application Team
   5:Drivers/STM32F4xx_HAL_Driver/Src/stm32f4xx_hal_i2c_ex.c ****   * @version V1.4.1
   6:Drivers/STM32F4xx_HAL_Driver/Src/stm32f4xx_hal_i2c_ex.c ****   * @date    09-October-2015
   7:Drivers/STM32F4xx_HAL_Driver/Src/stm32f4xx_hal_i2c_ex.c ****   * @brief   I2C Extension HAL module driver.
   8:Drivers/STM32F4xx_HAL_Driver/Src/stm32f4xx_hal_i2c_ex.c ****   *          This file provides firmware functions to manage the following 
   9:Drivers/STM32F4xx_HAL_Driver/Src/stm32f4xx_hal_i2c_ex.c ****   *          functionalities of I2C extension peripheral:
  10:Drivers/STM32F4xx_HAL_Driver/Src/stm32f4xx_hal_i2c_ex.c ****   *           + Extension features functions
  11:Drivers/STM32F4xx_HAL_Driver/Src/stm32f4xx_hal_i2c_ex.c ****   *    
  12:Drivers/STM32F4xx_HAL_Driver/Src/stm32f4xx_hal_i2c_ex.c ****   @verbatim
  13:Drivers/STM32F4xx_HAL_Driver/Src/stm32f4xx_hal_i2c_ex.c ****   ==============================================================================
  14:Drivers/STM32F4xx_HAL_Driver/Src/stm32f4xx_hal_i2c_ex.c ****                ##### I2C peripheral extension features  #####
  15:Drivers/STM32F4xx_HAL_Driver/Src/stm32f4xx_hal_i2c_ex.c ****   ==============================================================================
  16:Drivers/STM32F4xx_HAL_Driver/Src/stm32f4xx_hal_i2c_ex.c ****            
  17:Drivers/STM32F4xx_HAL_Driver/Src/stm32f4xx_hal_i2c_ex.c ****   [..] Comparing to other previous devices, the I2C interface for STM32F427xx/437xx/ 
  18:Drivers/STM32F4xx_HAL_Driver/Src/stm32f4xx_hal_i2c_ex.c ****        429xx/439xx devices contains the following additional features :
  19:Drivers/STM32F4xx_HAL_Driver/Src/stm32f4xx_hal_i2c_ex.c ****        
  20:Drivers/STM32F4xx_HAL_Driver/Src/stm32f4xx_hal_i2c_ex.c ****        (+) Possibility to disable or enable Analog Noise Filter
  21:Drivers/STM32F4xx_HAL_Driver/Src/stm32f4xx_hal_i2c_ex.c ****        (+) Use of a configured Digital Noise Filter
  22:Drivers/STM32F4xx_HAL_Driver/Src/stm32f4xx_hal_i2c_ex.c ****    
  23:Drivers/STM32F4xx_HAL_Driver/Src/stm32f4xx_hal_i2c_ex.c ****                      ##### How to use this driver #####
  24:Drivers/STM32F4xx_HAL_Driver/Src/stm32f4xx_hal_i2c_ex.c ****   ==============================================================================
  25:Drivers/STM32F4xx_HAL_Driver/Src/stm32f4xx_hal_i2c_ex.c ****   [..] This driver provides functions to configure Noise Filter
  26:Drivers/STM32F4xx_HAL_Driver/Src/stm32f4xx_hal_i2c_ex.c ****     (#) Configure I2C Analog noise filter using the function HAL_I2C_AnalogFilter_Config()
  27:Drivers/STM32F4xx_HAL_Driver/Src/stm32f4xx_hal_i2c_ex.c ****     (#) Configure I2C Digital noise filter using the function HAL_I2C_DigitalFilter_Config()
  28:Drivers/STM32F4xx_HAL_Driver/Src/stm32f4xx_hal_i2c_ex.c ****   
  29:Drivers/STM32F4xx_HAL_Driver/Src/stm32f4xx_hal_i2c_ex.c ****   @endverbatim
  30:Drivers/STM32F4xx_HAL_Driver/Src/stm32f4xx_hal_i2c_ex.c ****   ******************************************************************************
  31:Drivers/STM32F4xx_HAL_Driver/Src/stm32f4xx_hal_i2c_ex.c ****   * @attention
ARM GAS  /tmp/cczYM6t6.s 			page 2


  32:Drivers/STM32F4xx_HAL_Driver/Src/stm32f4xx_hal_i2c_ex.c ****   *
  33:Drivers/STM32F4xx_HAL_Driver/Src/stm32f4xx_hal_i2c_ex.c ****   * <h2><center>&copy; COPYRIGHT(c) 2015 STMicroelectronics</center></h2>
  34:Drivers/STM32F4xx_HAL_Driver/Src/stm32f4xx_hal_i2c_ex.c ****   *
  35:Drivers/STM32F4xx_HAL_Driver/Src/stm32f4xx_hal_i2c_ex.c ****   * Redistribution and use in source and binary forms, with or without modification,
  36:Drivers/STM32F4xx_HAL_Driver/Src/stm32f4xx_hal_i2c_ex.c ****   * are permitted provided that the following conditions are met:
  37:Drivers/STM32F4xx_HAL_Driver/Src/stm32f4xx_hal_i2c_ex.c ****   *   1. Redistributions of source code must retain the above copyright notice,
  38:Drivers/STM32F4xx_HAL_Driver/Src/stm32f4xx_hal_i2c_ex.c ****   *      this list of conditions and the following disclaimer.
  39:Drivers/STM32F4xx_HAL_Driver/Src/stm32f4xx_hal_i2c_ex.c ****   *   2. Redistributions in binary form must reproduce the above copyright notice,
  40:Drivers/STM32F4xx_HAL_Driver/Src/stm32f4xx_hal_i2c_ex.c ****   *      this list of conditions and the following disclaimer in the documentation
  41:Drivers/STM32F4xx_HAL_Driver/Src/stm32f4xx_hal_i2c_ex.c ****   *      and/or other materials provided with the distribution.
  42:Drivers/STM32F4xx_HAL_Driver/Src/stm32f4xx_hal_i2c_ex.c ****   *   3. Neither the name of STMicroelectronics nor the names of its contributors
  43:Drivers/STM32F4xx_HAL_Driver/Src/stm32f4xx_hal_i2c_ex.c ****   *      may be used to endorse or promote products derived from this software
  44:Drivers/STM32F4xx_HAL_Driver/Src/stm32f4xx_hal_i2c_ex.c ****   *      without specific prior written permission.
  45:Drivers/STM32F4xx_HAL_Driver/Src/stm32f4xx_hal_i2c_ex.c ****   *
  46:Drivers/STM32F4xx_HAL_Driver/Src/stm32f4xx_hal_i2c_ex.c ****   * THIS SOFTWARE IS PROVIDED BY THE COPYRIGHT HOLDERS AND CONTRIBUTORS "AS IS"
  47:Drivers/STM32F4xx_HAL_Driver/Src/stm32f4xx_hal_i2c_ex.c ****   * AND ANY EXPRESS OR IMPLIED WARRANTIES, INCLUDING, BUT NOT LIMITED TO, THE
  48:Drivers/STM32F4xx_HAL_Driver/Src/stm32f4xx_hal_i2c_ex.c ****   * IMPLIED WARRANTIES OF MERCHANTABILITY AND FITNESS FOR A PARTICULAR PURPOSE ARE
  49:Drivers/STM32F4xx_HAL_Driver/Src/stm32f4xx_hal_i2c_ex.c ****   * DISCLAIMED. IN NO EVENT SHALL THE COPYRIGHT HOLDER OR CONTRIBUTORS BE LIABLE
  50:Drivers/STM32F4xx_HAL_Driver/Src/stm32f4xx_hal_i2c_ex.c ****   * FOR ANY DIRECT, INDIRECT, INCIDENTAL, SPECIAL, EXEMPLARY, OR CONSEQUENTIAL
  51:Drivers/STM32F4xx_HAL_Driver/Src/stm32f4xx_hal_i2c_ex.c ****   * DAMAGES (INCLUDING, BUT NOT LIMITED TO, PROCUREMENT OF SUBSTITUTE GOODS OR
  52:Drivers/STM32F4xx_HAL_Driver/Src/stm32f4xx_hal_i2c_ex.c ****   * SERVICES; LOSS OF USE, DATA, OR PROFITS; OR BUSINESS INTERRUPTION) HOWEVER
  53:Drivers/STM32F4xx_HAL_Driver/Src/stm32f4xx_hal_i2c_ex.c ****   * CAUSED AND ON ANY THEORY OF LIABILITY, WHETHER IN CONTRACT, STRICT LIABILITY,
  54:Drivers/STM32F4xx_HAL_Driver/Src/stm32f4xx_hal_i2c_ex.c ****   * OR TORT (INCLUDING NEGLIGENCE OR OTHERWISE) ARISING IN ANY WAY OUT OF THE USE
  55:Drivers/STM32F4xx_HAL_Driver/Src/stm32f4xx_hal_i2c_ex.c ****   * OF THIS SOFTWARE, EVEN IF ADVISED OF THE POSSIBILITY OF SUCH DAMAGE.
  56:Drivers/STM32F4xx_HAL_Driver/Src/stm32f4xx_hal_i2c_ex.c ****   *
  57:Drivers/STM32F4xx_HAL_Driver/Src/stm32f4xx_hal_i2c_ex.c ****   ******************************************************************************
  58:Drivers/STM32F4xx_HAL_Driver/Src/stm32f4xx_hal_i2c_ex.c ****   */ 
  59:Drivers/STM32F4xx_HAL_Driver/Src/stm32f4xx_hal_i2c_ex.c **** 
  60:Drivers/STM32F4xx_HAL_Driver/Src/stm32f4xx_hal_i2c_ex.c **** /* Includes ------------------------------------------------------------------*/
  61:Drivers/STM32F4xx_HAL_Driver/Src/stm32f4xx_hal_i2c_ex.c **** #include "stm32f4xx_hal.h"
  62:Drivers/STM32F4xx_HAL_Driver/Src/stm32f4xx_hal_i2c_ex.c **** 
  63:Drivers/STM32F4xx_HAL_Driver/Src/stm32f4xx_hal_i2c_ex.c **** /** @addtogroup STM32F4xx_HAL_Driver
  64:Drivers/STM32F4xx_HAL_Driver/Src/stm32f4xx_hal_i2c_ex.c ****   * @{
  65:Drivers/STM32F4xx_HAL_Driver/Src/stm32f4xx_hal_i2c_ex.c ****   */
  66:Drivers/STM32F4xx_HAL_Driver/Src/stm32f4xx_hal_i2c_ex.c **** 
  67:Drivers/STM32F4xx_HAL_Driver/Src/stm32f4xx_hal_i2c_ex.c **** /** @defgroup I2CEx I2CEx
  68:Drivers/STM32F4xx_HAL_Driver/Src/stm32f4xx_hal_i2c_ex.c ****   * @brief I2C HAL module driver
  69:Drivers/STM32F4xx_HAL_Driver/Src/stm32f4xx_hal_i2c_ex.c ****   * @{
  70:Drivers/STM32F4xx_HAL_Driver/Src/stm32f4xx_hal_i2c_ex.c ****   */
  71:Drivers/STM32F4xx_HAL_Driver/Src/stm32f4xx_hal_i2c_ex.c **** 
  72:Drivers/STM32F4xx_HAL_Driver/Src/stm32f4xx_hal_i2c_ex.c **** #ifdef HAL_I2C_MODULE_ENABLED
  73:Drivers/STM32F4xx_HAL_Driver/Src/stm32f4xx_hal_i2c_ex.c **** 
  74:Drivers/STM32F4xx_HAL_Driver/Src/stm32f4xx_hal_i2c_ex.c **** #if defined(STM32F427xx) || defined(STM32F437xx) || defined(STM32F429xx) || defined(STM32F439xx) ||
  75:Drivers/STM32F4xx_HAL_Driver/Src/stm32f4xx_hal_i2c_ex.c ****     defined(STM32F401xC) || defined(STM32F401xE) || defined(STM32F411xE) || defined(STM32F446xx) ||
  76:Drivers/STM32F4xx_HAL_Driver/Src/stm32f4xx_hal_i2c_ex.c ****     defined(STM32F469xx) || defined(STM32F479xx)
  77:Drivers/STM32F4xx_HAL_Driver/Src/stm32f4xx_hal_i2c_ex.c **** /* Private typedef -----------------------------------------------------------*/
  78:Drivers/STM32F4xx_HAL_Driver/Src/stm32f4xx_hal_i2c_ex.c **** /* Private define ------------------------------------------------------------*/
  79:Drivers/STM32F4xx_HAL_Driver/Src/stm32f4xx_hal_i2c_ex.c **** /* Private macro -------------------------------------------------------------*/
  80:Drivers/STM32F4xx_HAL_Driver/Src/stm32f4xx_hal_i2c_ex.c **** /* Private variables ---------------------------------------------------------*/
  81:Drivers/STM32F4xx_HAL_Driver/Src/stm32f4xx_hal_i2c_ex.c **** /* Private function prototypes -----------------------------------------------*/
  82:Drivers/STM32F4xx_HAL_Driver/Src/stm32f4xx_hal_i2c_ex.c **** /* Exported functions --------------------------------------------------------*/
  83:Drivers/STM32F4xx_HAL_Driver/Src/stm32f4xx_hal_i2c_ex.c **** /** @defgroup I2CEx_Exported_Functions I2C Exported Functions
  84:Drivers/STM32F4xx_HAL_Driver/Src/stm32f4xx_hal_i2c_ex.c ****   * @{
  85:Drivers/STM32F4xx_HAL_Driver/Src/stm32f4xx_hal_i2c_ex.c ****   */
  86:Drivers/STM32F4xx_HAL_Driver/Src/stm32f4xx_hal_i2c_ex.c **** 
  87:Drivers/STM32F4xx_HAL_Driver/Src/stm32f4xx_hal_i2c_ex.c **** 
  88:Drivers/STM32F4xx_HAL_Driver/Src/stm32f4xx_hal_i2c_ex.c **** /** @defgroup I2CEx_Exported_Functions_Group1 Extension features functions 
ARM GAS  /tmp/cczYM6t6.s 			page 3


  89:Drivers/STM32F4xx_HAL_Driver/Src/stm32f4xx_hal_i2c_ex.c ****  *  @brief   Extension features functions 
  90:Drivers/STM32F4xx_HAL_Driver/Src/stm32f4xx_hal_i2c_ex.c ****  *
  91:Drivers/STM32F4xx_HAL_Driver/Src/stm32f4xx_hal_i2c_ex.c **** @verbatim   
  92:Drivers/STM32F4xx_HAL_Driver/Src/stm32f4xx_hal_i2c_ex.c ****  ===============================================================================
  93:Drivers/STM32F4xx_HAL_Driver/Src/stm32f4xx_hal_i2c_ex.c ****                       ##### Extension features functions #####
  94:Drivers/STM32F4xx_HAL_Driver/Src/stm32f4xx_hal_i2c_ex.c ****  ===============================================================================  
  95:Drivers/STM32F4xx_HAL_Driver/Src/stm32f4xx_hal_i2c_ex.c ****     [..] This section provides functions allowing to:
  96:Drivers/STM32F4xx_HAL_Driver/Src/stm32f4xx_hal_i2c_ex.c ****       (+) Configure Noise Filters 
  97:Drivers/STM32F4xx_HAL_Driver/Src/stm32f4xx_hal_i2c_ex.c **** 
  98:Drivers/STM32F4xx_HAL_Driver/Src/stm32f4xx_hal_i2c_ex.c **** @endverbatim
  99:Drivers/STM32F4xx_HAL_Driver/Src/stm32f4xx_hal_i2c_ex.c ****   * @{
 100:Drivers/STM32F4xx_HAL_Driver/Src/stm32f4xx_hal_i2c_ex.c ****   */
 101:Drivers/STM32F4xx_HAL_Driver/Src/stm32f4xx_hal_i2c_ex.c ****   
 102:Drivers/STM32F4xx_HAL_Driver/Src/stm32f4xx_hal_i2c_ex.c **** /**
 103:Drivers/STM32F4xx_HAL_Driver/Src/stm32f4xx_hal_i2c_ex.c ****   * @brief  Configures I2C Analog noise filter. 
 104:Drivers/STM32F4xx_HAL_Driver/Src/stm32f4xx_hal_i2c_ex.c ****   * @param  hi2c: pointer to a I2C_HandleTypeDef structure that contains
 105:Drivers/STM32F4xx_HAL_Driver/Src/stm32f4xx_hal_i2c_ex.c ****   *                the configuration information for the specified I2Cx peripheral.
 106:Drivers/STM32F4xx_HAL_Driver/Src/stm32f4xx_hal_i2c_ex.c ****   * @param  AnalogFilter: new state of the Analog filter.
 107:Drivers/STM32F4xx_HAL_Driver/Src/stm32f4xx_hal_i2c_ex.c ****   * @retval HAL status
 108:Drivers/STM32F4xx_HAL_Driver/Src/stm32f4xx_hal_i2c_ex.c ****   */
 109:Drivers/STM32F4xx_HAL_Driver/Src/stm32f4xx_hal_i2c_ex.c **** HAL_StatusTypeDef HAL_I2CEx_ConfigAnalogFilter(I2C_HandleTypeDef *hi2c, uint32_t AnalogFilter)
 110:Drivers/STM32F4xx_HAL_Driver/Src/stm32f4xx_hal_i2c_ex.c **** {
  28              		.loc 1 110 0
  29              		.cfi_startproc
  30              		@ args = 0, pretend = 0, frame = 16
  31              		@ frame_needed = 1, uses_anonymous_args = 0
  32              		@ link register save eliminated.
  33 0000 80B4     		push	{r7}
  34              	.LCFI0:
  35              		.cfi_def_cfa_offset 4
  36              		.cfi_offset 7, -4
  37 0002 85B0     		sub	sp, sp, #20
  38              	.LCFI1:
  39              		.cfi_def_cfa_offset 24
  40 0004 00AF     		add	r7, sp, #0
  41              	.LCFI2:
  42              		.cfi_def_cfa_register 7
  43 0006 7860     		str	r0, [r7, #4]
  44 0008 3960     		str	r1, [r7]
 111:Drivers/STM32F4xx_HAL_Driver/Src/stm32f4xx_hal_i2c_ex.c ****   uint32_t tmp = 0;
  45              		.loc 1 111 0
  46 000a 0023     		movs	r3, #0
  47 000c FB60     		str	r3, [r7, #12]
 112:Drivers/STM32F4xx_HAL_Driver/Src/stm32f4xx_hal_i2c_ex.c ****   
 113:Drivers/STM32F4xx_HAL_Driver/Src/stm32f4xx_hal_i2c_ex.c ****   /* Check the parameters */
 114:Drivers/STM32F4xx_HAL_Driver/Src/stm32f4xx_hal_i2c_ex.c ****   assert_param(IS_I2C_ALL_INSTANCE(hi2c->Instance));
 115:Drivers/STM32F4xx_HAL_Driver/Src/stm32f4xx_hal_i2c_ex.c ****   assert_param(IS_I2C_ANALOG_FILTER(AnalogFilter));
 116:Drivers/STM32F4xx_HAL_Driver/Src/stm32f4xx_hal_i2c_ex.c ****   
 117:Drivers/STM32F4xx_HAL_Driver/Src/stm32f4xx_hal_i2c_ex.c ****   tmp = hi2c->State;
  48              		.loc 1 117 0
  49 000e 7B68     		ldr	r3, [r7, #4]
  50 0010 93F83530 		ldrb	r3, [r3, #53]
  51 0014 DBB2     		uxtb	r3, r3
  52 0016 FB60     		str	r3, [r7, #12]
 118:Drivers/STM32F4xx_HAL_Driver/Src/stm32f4xx_hal_i2c_ex.c ****   if((tmp == HAL_I2C_STATE_BUSY) || (tmp == HAL_I2C_STATE_BUSY_TX) || (tmp == HAL_I2C_STATE_BUSY_RX
  53              		.loc 1 118 0
  54 0018 FB68     		ldr	r3, [r7, #12]
ARM GAS  /tmp/cczYM6t6.s 			page 4


  55 001a 022B     		cmp	r3, #2
  56 001c 05D0     		beq	.L2
  57              		.loc 1 118 0 is_stmt 0 discriminator 1
  58 001e FB68     		ldr	r3, [r7, #12]
  59 0020 122B     		cmp	r3, #18
  60 0022 02D0     		beq	.L2
  61 0024 FB68     		ldr	r3, [r7, #12]
  62 0026 222B     		cmp	r3, #34
  63 0028 01D1     		bne	.L3
  64              	.L2:
 119:Drivers/STM32F4xx_HAL_Driver/Src/stm32f4xx_hal_i2c_ex.c ****   {
 120:Drivers/STM32F4xx_HAL_Driver/Src/stm32f4xx_hal_i2c_ex.c ****     return HAL_BUSY;
  65              		.loc 1 120 0 is_stmt 1
  66 002a 0223     		movs	r3, #2
  67 002c 28E0     		b	.L4
  68              	.L3:
 121:Drivers/STM32F4xx_HAL_Driver/Src/stm32f4xx_hal_i2c_ex.c ****   }
 122:Drivers/STM32F4xx_HAL_Driver/Src/stm32f4xx_hal_i2c_ex.c ****   
 123:Drivers/STM32F4xx_HAL_Driver/Src/stm32f4xx_hal_i2c_ex.c ****   hi2c->State = HAL_I2C_STATE_BUSY;
  69              		.loc 1 123 0
  70 002e 7B68     		ldr	r3, [r7, #4]
  71 0030 0222     		movs	r2, #2
  72 0032 83F83520 		strb	r2, [r3, #53]
 124:Drivers/STM32F4xx_HAL_Driver/Src/stm32f4xx_hal_i2c_ex.c ****   
 125:Drivers/STM32F4xx_HAL_Driver/Src/stm32f4xx_hal_i2c_ex.c ****   /* Disable the selected I2C peripheral */
 126:Drivers/STM32F4xx_HAL_Driver/Src/stm32f4xx_hal_i2c_ex.c ****   __HAL_I2C_DISABLE(hi2c);    
  73              		.loc 1 126 0
  74 0036 7B68     		ldr	r3, [r7, #4]
  75 0038 1B68     		ldr	r3, [r3]
  76 003a 7A68     		ldr	r2, [r7, #4]
  77 003c 1268     		ldr	r2, [r2]
  78 003e 1268     		ldr	r2, [r2]
  79 0040 22F00102 		bic	r2, r2, #1
  80 0044 1A60     		str	r2, [r3]
 127:Drivers/STM32F4xx_HAL_Driver/Src/stm32f4xx_hal_i2c_ex.c ****   
 128:Drivers/STM32F4xx_HAL_Driver/Src/stm32f4xx_hal_i2c_ex.c ****   /* Reset I2Cx ANOFF bit */
 129:Drivers/STM32F4xx_HAL_Driver/Src/stm32f4xx_hal_i2c_ex.c ****   hi2c->Instance->FLTR &= ~(I2C_FLTR_ANOFF);    
  81              		.loc 1 129 0
  82 0046 7B68     		ldr	r3, [r7, #4]
  83 0048 1B68     		ldr	r3, [r3]
  84 004a 7A68     		ldr	r2, [r7, #4]
  85 004c 1268     		ldr	r2, [r2]
  86 004e 526A     		ldr	r2, [r2, #36]
  87 0050 22F01002 		bic	r2, r2, #16
  88 0054 5A62     		str	r2, [r3, #36]
 130:Drivers/STM32F4xx_HAL_Driver/Src/stm32f4xx_hal_i2c_ex.c ****   
 131:Drivers/STM32F4xx_HAL_Driver/Src/stm32f4xx_hal_i2c_ex.c ****   /* Disable the analog filter */
 132:Drivers/STM32F4xx_HAL_Driver/Src/stm32f4xx_hal_i2c_ex.c ****   hi2c->Instance->FLTR |= AnalogFilter;
  89              		.loc 1 132 0
  90 0056 7B68     		ldr	r3, [r7, #4]
  91 0058 1B68     		ldr	r3, [r3]
  92 005a 7A68     		ldr	r2, [r7, #4]
  93 005c 1268     		ldr	r2, [r2]
  94 005e 516A     		ldr	r1, [r2, #36]
  95 0060 3A68     		ldr	r2, [r7]
  96 0062 0A43     		orrs	r2, r2, r1
  97 0064 5A62     		str	r2, [r3, #36]
ARM GAS  /tmp/cczYM6t6.s 			page 5


 133:Drivers/STM32F4xx_HAL_Driver/Src/stm32f4xx_hal_i2c_ex.c ****   
 134:Drivers/STM32F4xx_HAL_Driver/Src/stm32f4xx_hal_i2c_ex.c ****   __HAL_I2C_ENABLE(hi2c); 
  98              		.loc 1 134 0
  99 0066 7B68     		ldr	r3, [r7, #4]
 100 0068 1B68     		ldr	r3, [r3]
 101 006a 7A68     		ldr	r2, [r7, #4]
 102 006c 1268     		ldr	r2, [r2]
 103 006e 1268     		ldr	r2, [r2]
 104 0070 42F00102 		orr	r2, r2, #1
 105 0074 1A60     		str	r2, [r3]
 135:Drivers/STM32F4xx_HAL_Driver/Src/stm32f4xx_hal_i2c_ex.c ****   
 136:Drivers/STM32F4xx_HAL_Driver/Src/stm32f4xx_hal_i2c_ex.c ****   hi2c->State = HAL_I2C_STATE_READY;
 106              		.loc 1 136 0
 107 0076 7B68     		ldr	r3, [r7, #4]
 108 0078 0122     		movs	r2, #1
 109 007a 83F83520 		strb	r2, [r3, #53]
 137:Drivers/STM32F4xx_HAL_Driver/Src/stm32f4xx_hal_i2c_ex.c ****   
 138:Drivers/STM32F4xx_HAL_Driver/Src/stm32f4xx_hal_i2c_ex.c ****   return HAL_OK; 
 110              		.loc 1 138 0
 111 007e 0023     		movs	r3, #0
 112              	.L4:
 139:Drivers/STM32F4xx_HAL_Driver/Src/stm32f4xx_hal_i2c_ex.c **** }
 113              		.loc 1 139 0
 114 0080 1846     		mov	r0, r3
 115 0082 1437     		adds	r7, r7, #20
 116 0084 BD46     		mov	sp, r7
 117              		@ sp needed
 118 0086 5DF8047B 		ldr	r7, [sp], #4
 119 008a 7047     		bx	lr
 120              		.cfi_endproc
 121              	.LFE125:
 123              		.section	.text.HAL_I2CEx_ConfigDigitalFilter,"ax",%progbits
 124              		.align	2
 125              		.global	HAL_I2CEx_ConfigDigitalFilter
 126              		.thumb
 127              		.thumb_func
 129              	HAL_I2CEx_ConfigDigitalFilter:
 130              	.LFB126:
 140:Drivers/STM32F4xx_HAL_Driver/Src/stm32f4xx_hal_i2c_ex.c **** 
 141:Drivers/STM32F4xx_HAL_Driver/Src/stm32f4xx_hal_i2c_ex.c **** /**
 142:Drivers/STM32F4xx_HAL_Driver/Src/stm32f4xx_hal_i2c_ex.c ****   * @brief  Configures I2C Digital noise filter. 
 143:Drivers/STM32F4xx_HAL_Driver/Src/stm32f4xx_hal_i2c_ex.c ****   * @param  hi2c: pointer to a I2C_HandleTypeDef structure that contains
 144:Drivers/STM32F4xx_HAL_Driver/Src/stm32f4xx_hal_i2c_ex.c ****   *                the configuration information for the specified I2Cx peripheral.
 145:Drivers/STM32F4xx_HAL_Driver/Src/stm32f4xx_hal_i2c_ex.c ****   * @param  DigitalFilter: Coefficient of digital noise filter between 0x00 and 0x0F.
 146:Drivers/STM32F4xx_HAL_Driver/Src/stm32f4xx_hal_i2c_ex.c ****   * @retval HAL status
 147:Drivers/STM32F4xx_HAL_Driver/Src/stm32f4xx_hal_i2c_ex.c ****   */
 148:Drivers/STM32F4xx_HAL_Driver/Src/stm32f4xx_hal_i2c_ex.c **** HAL_StatusTypeDef HAL_I2CEx_ConfigDigitalFilter(I2C_HandleTypeDef *hi2c, uint32_t DigitalFilter)
 149:Drivers/STM32F4xx_HAL_Driver/Src/stm32f4xx_hal_i2c_ex.c **** {
 131              		.loc 1 149 0
 132              		.cfi_startproc
 133              		@ args = 0, pretend = 0, frame = 16
 134              		@ frame_needed = 1, uses_anonymous_args = 0
 135              		@ link register save eliminated.
 136 0000 80B4     		push	{r7}
 137              	.LCFI3:
 138              		.cfi_def_cfa_offset 4
 139              		.cfi_offset 7, -4
ARM GAS  /tmp/cczYM6t6.s 			page 6


 140 0002 85B0     		sub	sp, sp, #20
 141              	.LCFI4:
 142              		.cfi_def_cfa_offset 24
 143 0004 00AF     		add	r7, sp, #0
 144              	.LCFI5:
 145              		.cfi_def_cfa_register 7
 146 0006 7860     		str	r0, [r7, #4]
 147 0008 3960     		str	r1, [r7]
 150:Drivers/STM32F4xx_HAL_Driver/Src/stm32f4xx_hal_i2c_ex.c ****   uint16_t tmpreg = 0;
 148              		.loc 1 150 0
 149 000a 0023     		movs	r3, #0
 150 000c FB81     		strh	r3, [r7, #14]	@ movhi
 151:Drivers/STM32F4xx_HAL_Driver/Src/stm32f4xx_hal_i2c_ex.c ****   uint32_t tmp = 0;  
 151              		.loc 1 151 0
 152 000e 0023     		movs	r3, #0
 153 0010 BB60     		str	r3, [r7, #8]
 152:Drivers/STM32F4xx_HAL_Driver/Src/stm32f4xx_hal_i2c_ex.c ****   
 153:Drivers/STM32F4xx_HAL_Driver/Src/stm32f4xx_hal_i2c_ex.c ****   /* Check the parameters */
 154:Drivers/STM32F4xx_HAL_Driver/Src/stm32f4xx_hal_i2c_ex.c ****   assert_param(IS_I2C_ALL_INSTANCE(hi2c->Instance));
 155:Drivers/STM32F4xx_HAL_Driver/Src/stm32f4xx_hal_i2c_ex.c ****   assert_param(IS_I2C_DIGITAL_FILTER(DigitalFilter));
 156:Drivers/STM32F4xx_HAL_Driver/Src/stm32f4xx_hal_i2c_ex.c ****   
 157:Drivers/STM32F4xx_HAL_Driver/Src/stm32f4xx_hal_i2c_ex.c ****   tmp = hi2c->State;
 154              		.loc 1 157 0
 155 0012 7B68     		ldr	r3, [r7, #4]
 156 0014 93F83530 		ldrb	r3, [r3, #53]
 157 0018 DBB2     		uxtb	r3, r3
 158 001a BB60     		str	r3, [r7, #8]
 158:Drivers/STM32F4xx_HAL_Driver/Src/stm32f4xx_hal_i2c_ex.c ****   if((tmp == HAL_I2C_STATE_BUSY) || (tmp == HAL_I2C_STATE_BUSY_TX) || (tmp == HAL_I2C_STATE_BUSY_RX
 159              		.loc 1 158 0
 160 001c BB68     		ldr	r3, [r7, #8]
 161 001e 022B     		cmp	r3, #2
 162 0020 05D0     		beq	.L6
 163              		.loc 1 158 0 is_stmt 0 discriminator 1
 164 0022 BB68     		ldr	r3, [r7, #8]
 165 0024 122B     		cmp	r3, #18
 166 0026 02D0     		beq	.L6
 167 0028 BB68     		ldr	r3, [r7, #8]
 168 002a 222B     		cmp	r3, #34
 169 002c 01D1     		bne	.L7
 170              	.L6:
 159:Drivers/STM32F4xx_HAL_Driver/Src/stm32f4xx_hal_i2c_ex.c ****   {
 160:Drivers/STM32F4xx_HAL_Driver/Src/stm32f4xx_hal_i2c_ex.c ****     return HAL_BUSY;
 171              		.loc 1 160 0 is_stmt 1
 172 002e 0223     		movs	r3, #2
 173 0030 29E0     		b	.L8
 174              	.L7:
 161:Drivers/STM32F4xx_HAL_Driver/Src/stm32f4xx_hal_i2c_ex.c ****   }
 162:Drivers/STM32F4xx_HAL_Driver/Src/stm32f4xx_hal_i2c_ex.c ****   
 163:Drivers/STM32F4xx_HAL_Driver/Src/stm32f4xx_hal_i2c_ex.c ****   hi2c->State = HAL_I2C_STATE_BUSY;
 175              		.loc 1 163 0
 176 0032 7B68     		ldr	r3, [r7, #4]
 177 0034 0222     		movs	r2, #2
 178 0036 83F83520 		strb	r2, [r3, #53]
 164:Drivers/STM32F4xx_HAL_Driver/Src/stm32f4xx_hal_i2c_ex.c ****   
 165:Drivers/STM32F4xx_HAL_Driver/Src/stm32f4xx_hal_i2c_ex.c ****   /* Disable the selected I2C peripheral */
 166:Drivers/STM32F4xx_HAL_Driver/Src/stm32f4xx_hal_i2c_ex.c ****   __HAL_I2C_DISABLE(hi2c);  
 179              		.loc 1 166 0
ARM GAS  /tmp/cczYM6t6.s 			page 7


 180 003a 7B68     		ldr	r3, [r7, #4]
 181 003c 1B68     		ldr	r3, [r3]
 182 003e 7A68     		ldr	r2, [r7, #4]
 183 0040 1268     		ldr	r2, [r2]
 184 0042 1268     		ldr	r2, [r2]
 185 0044 22F00102 		bic	r2, r2, #1
 186 0048 1A60     		str	r2, [r3]
 167:Drivers/STM32F4xx_HAL_Driver/Src/stm32f4xx_hal_i2c_ex.c ****   
 168:Drivers/STM32F4xx_HAL_Driver/Src/stm32f4xx_hal_i2c_ex.c ****   /* Get the old register value */
 169:Drivers/STM32F4xx_HAL_Driver/Src/stm32f4xx_hal_i2c_ex.c ****   tmpreg = hi2c->Instance->FLTR;
 187              		.loc 1 169 0
 188 004a 7B68     		ldr	r3, [r7, #4]
 189 004c 1B68     		ldr	r3, [r3]
 190 004e 5B6A     		ldr	r3, [r3, #36]
 191 0050 FB81     		strh	r3, [r7, #14]	@ movhi
 170:Drivers/STM32F4xx_HAL_Driver/Src/stm32f4xx_hal_i2c_ex.c ****   
 171:Drivers/STM32F4xx_HAL_Driver/Src/stm32f4xx_hal_i2c_ex.c ****   /* Reset I2Cx DNF bit [3:0] */
 172:Drivers/STM32F4xx_HAL_Driver/Src/stm32f4xx_hal_i2c_ex.c ****   tmpreg &= ~(I2C_FLTR_DNF);
 192              		.loc 1 172 0
 193 0052 FB89     		ldrh	r3, [r7, #14]	@ movhi
 194 0054 23F00F03 		bic	r3, r3, #15
 195 0058 FB81     		strh	r3, [r7, #14]	@ movhi
 173:Drivers/STM32F4xx_HAL_Driver/Src/stm32f4xx_hal_i2c_ex.c ****   
 174:Drivers/STM32F4xx_HAL_Driver/Src/stm32f4xx_hal_i2c_ex.c ****   /* Set I2Cx DNF coefficient */
 175:Drivers/STM32F4xx_HAL_Driver/Src/stm32f4xx_hal_i2c_ex.c ****   tmpreg |= DigitalFilter;
 196              		.loc 1 175 0
 197 005a 3B68     		ldr	r3, [r7]
 198 005c 9AB2     		uxth	r2, r3
 199 005e FB89     		ldrh	r3, [r7, #14]	@ movhi
 200 0060 1343     		orrs	r3, r3, r2
 201 0062 FB81     		strh	r3, [r7, #14]	@ movhi
 176:Drivers/STM32F4xx_HAL_Driver/Src/stm32f4xx_hal_i2c_ex.c ****   
 177:Drivers/STM32F4xx_HAL_Driver/Src/stm32f4xx_hal_i2c_ex.c ****   /* Store the new register value */
 178:Drivers/STM32F4xx_HAL_Driver/Src/stm32f4xx_hal_i2c_ex.c ****   hi2c->Instance->FLTR = tmpreg;
 202              		.loc 1 178 0
 203 0064 7B68     		ldr	r3, [r7, #4]
 204 0066 1B68     		ldr	r3, [r3]
 205 0068 FA89     		ldrh	r2, [r7, #14]
 206 006a 5A62     		str	r2, [r3, #36]
 179:Drivers/STM32F4xx_HAL_Driver/Src/stm32f4xx_hal_i2c_ex.c ****   
 180:Drivers/STM32F4xx_HAL_Driver/Src/stm32f4xx_hal_i2c_ex.c ****   __HAL_I2C_ENABLE(hi2c); 
 207              		.loc 1 180 0
 208 006c 7B68     		ldr	r3, [r7, #4]
 209 006e 1B68     		ldr	r3, [r3]
 210 0070 7A68     		ldr	r2, [r7, #4]
 211 0072 1268     		ldr	r2, [r2]
 212 0074 1268     		ldr	r2, [r2]
 213 0076 42F00102 		orr	r2, r2, #1
 214 007a 1A60     		str	r2, [r3]
 181:Drivers/STM32F4xx_HAL_Driver/Src/stm32f4xx_hal_i2c_ex.c ****   
 182:Drivers/STM32F4xx_HAL_Driver/Src/stm32f4xx_hal_i2c_ex.c ****   hi2c->State = HAL_I2C_STATE_READY;
 215              		.loc 1 182 0
 216 007c 7B68     		ldr	r3, [r7, #4]
 217 007e 0122     		movs	r2, #1
 218 0080 83F83520 		strb	r2, [r3, #53]
 183:Drivers/STM32F4xx_HAL_Driver/Src/stm32f4xx_hal_i2c_ex.c ****   
 184:Drivers/STM32F4xx_HAL_Driver/Src/stm32f4xx_hal_i2c_ex.c ****   return HAL_OK; 
ARM GAS  /tmp/cczYM6t6.s 			page 8


 219              		.loc 1 184 0
 220 0084 0023     		movs	r3, #0
 221              	.L8:
 185:Drivers/STM32F4xx_HAL_Driver/Src/stm32f4xx_hal_i2c_ex.c **** }  
 222              		.loc 1 185 0
 223 0086 1846     		mov	r0, r3
 224 0088 1437     		adds	r7, r7, #20
 225 008a BD46     		mov	sp, r7
 226              		@ sp needed
 227 008c 5DF8047B 		ldr	r7, [sp], #4
 228 0090 7047     		bx	lr
 229              		.cfi_endproc
 230              	.LFE126:
 232 0092 00BF     		.text
 233              	.Letext0:
 234              		.file 2 "/usr/include/newlib/machine/_default_types.h"
 235              		.file 3 "/usr/include/newlib/stdint.h"
 236              		.file 4 "Drivers/CMSIS/Device/ST/STM32F4xx/Include/stm32f429xx.h"
 237              		.file 5 "Drivers/STM32F4xx_HAL_Driver/Inc/stm32f4xx_hal_def.h"
 238              		.file 6 "Drivers/STM32F4xx_HAL_Driver/Inc/stm32f4xx_hal_dma.h"
 239              		.file 7 "Drivers/STM32F4xx_HAL_Driver/Inc/stm32f4xx_hal_i2c.h"
 240              		.file 8 "Drivers/CMSIS/Include/core_cm4.h"
ARM GAS  /tmp/cczYM6t6.s 			page 9


DEFINED SYMBOLS
                            *ABS*:0000000000000000 stm32f4xx_hal_i2c_ex.c
     /tmp/cczYM6t6.s:20     .text.HAL_I2CEx_ConfigAnalogFilter:0000000000000000 $t
     /tmp/cczYM6t6.s:25     .text.HAL_I2CEx_ConfigAnalogFilter:0000000000000000 HAL_I2CEx_ConfigAnalogFilter
     /tmp/cczYM6t6.s:124    .text.HAL_I2CEx_ConfigDigitalFilter:0000000000000000 $t
     /tmp/cczYM6t6.s:129    .text.HAL_I2CEx_ConfigDigitalFilter:0000000000000000 HAL_I2CEx_ConfigDigitalFilter
                     .debug_frame:0000000000000010 $d

NO UNDEFINED SYMBOLS
